Change Component Designator: Old Designator=C34 New Designator=C30
Change Component Designator: Old Designator=C35 New Designator=C31
Change Component Designator: Old Designator=C36 New Designator=C32
Change Component Designator: Old Designator=C37 New Designator=C33
Change Component Designator: Old Designator=C38 New Designator=C34
Change Component Designator: Old Designator=C39 New Designator=C35
Change Component Designator: Old Designator=C40 New Designator=C36
Change Component Designator: Old Designator=C41 New Designator=C37
Change Component Designator: Old Designator=C42 New Designator=C38
Change Component Designator: Old Designator=D10 New Designator=D6
Change Component Designator: Old Designator=J4 New Designator=J1
Change Component Designator: Old Designator=Q5 New Designator=Q1
Change Component Designator: Old Designator=Q6 New Designator=Q2
Change Component Designator: Old Designator=R25 New Designator=R13
Change Component Designator: Old Designator=R26 New Designator=R14
Change Component Designator: Old Designator=R27 New Designator=R15
Change Component Designator: Old Designator=R28 New Designator=R16
Change Component Designator: Old Designator=R29 New Designator=R17
Change Component Designator: Old Designator=S6 New Designator=S2
Change Component Designator: Old Designator=S7 New Designator=S3
Change Component Designator: Old Designator=U9 New Designator=U4
Change Component Designator: Old Designator=U10 New Designator=U5
Change Component Designator: Old Designator=U11 New Designator=U6
