Change Component Designator: Old Designator=D6 New Designator=D7
Change Component Designator: Old Designator=D7 New Designator=D8
Change Component Designator: Old Designator=D8 New Designator=D9
Change Component Designator: Old Designator=D9 New Designator=D10
Change Component Designator: Old Designator=J3 New Designator=J4
Change Component Designator: Old Designator=Q1 New Designator=Q3
Change Component Designator: Old Designator=Q2 New Designator=Q4
Change Component Designator: Old Designator=Q3 New Designator=Q5
Change Component Designator: Old Designator=Q4 New Designator=Q6
Change Component Designator: Old Designator=R17 New Designator=R22
Change Component Designator: Old Designator=R18 New Designator=R23
Change Component Designator: Old Designator=R19 New Designator=R24
Change Component Designator: Old Designator=R20 New Designator=R25
Change Component Designator: Old Designator=R21 New Designator=R26
Change Component Designator: Old Designator=R22 New Designator=R27
Change Component Designator: Old Designator=R23 New Designator=R28
Change Component Designator: Old Designator=R24 New Designator=R29
Change Component Designator: Old Designator=U5 New Designator=U8
Change Component Designator: Old Designator=U6 New Designator=U9
Change Component Designator: Old Designator=U7 New Designator=U10
Change Component Designator: Old Designator=U8 New Designator=U11
