Removed Pin From Net: NetName=+3V3 Pin=C31-
Change Component Comment : Designator=C31 Old Comment=10uF New Comment=100nF
Change component parameters: Designator = "C15" ("C15"); Footprint = "CAP_0603"; UniqueID = "\SIFKQUKS" ("\SIFKQUKS")
Change component parameters (AddParameter): Name = ""; Value = ""; VariantName = "[No Variations]"
Change component parameters (AddParameter): Name = "Capacitance"; Value = "22pF"; VariantName = "[No Variations]"
Change component parameters (AddParameter): Name = "Capacitance Tolerance"; Value = "+/-10%"; VariantName = "[No Variations]"
Change component parameters (AddParameter): Name = "ComponentLink1Description"; Value = "Manufacturer"; VariantName = "[No Variations]"
Change component parameters (AddParameter): Name = "ComponentLink1URL"; Value = "Thegioiic"; VariantName = "[No Variations]"
Change component parameters (AddParameter): Name = "ComponentLink2Description"; Value = "Datasheet"; VariantName = "[No Variations]"
Change component parameters (AddParameter): Name = "ComponentLink2URL"; Value = ""; VariantName = "[No Variations]"
Change component parameters (AddParameter): Name = "Height"; Value = ""; VariantName = "[No Variations]"
Change component parameters (AddParameter): Name = "Mounting Technology"; Value = "SMT"; VariantName = "[No Variations]"
Change component parameters (AddParameter): Name = "Operating Temperature"; Value = "-55 to +125degC"; VariantName = "[No Variations]"
Change component parameters (AddParameter): Name = "Packaging"; Value = "Tape and Reel"; VariantName = "[No Variations]"
Change component parameters (AddParameter): Name = "Size"; Value = "0603"; VariantName = "[No Variations]"
Change component parameters (AddParameter): Name = "Supply 1 name"; Value = ""; VariantName = "[No Variations]"
Change component parameters (AddParameter): Name = "Supply 1 SN"; Value = ""; VariantName = "[No Variations]"
Change component parameters (AddParameter): Name = "Supply 1 URL"; Value = ""; VariantName = "[No Variations]"
Change component parameters (AddParameter): Name = "Supply 2 name"; Value = "Thegioiic"; VariantName = "[No Variations]"
Change component parameters (AddParameter): Name = "Supply 2 SN"; Value = ""; VariantName = "[No Variations]"
Change component parameters (AddParameter): Name = "Supply 2 URL"; Value = "https://www.thegioiic.com/tu-gom-0603-22pf-50v"; VariantName = "[No Variations]"
Change component parameters (AddParameter): Name = "Technical Reference"; Value = ""; VariantName = "[No Variations]"
Change component parameters: Designator = "C16" ("C16"); Footprint = "CAP_0603"; UniqueID = "\ATHCXGJE" ("\ATHCXGJE")
Change component parameters (AddParameter): Name = ""; Value = ""; VariantName = "[No Variations]"
Change component parameters (AddParameter): Name = "Capacitance"; Value = "22pF"; VariantName = "[No Variations]"
Change component parameters (AddParameter): Name = "Capacitance Tolerance"; Value = "+/-10%"; VariantName = "[No Variations]"
Change component parameters (AddParameter): Name = "ComponentLink1Description"; Value = "Manufacturer"; VariantName = "[No Variations]"
Change component parameters (AddParameter): Name = "ComponentLink1URL"; Value = "Thegioiic"; VariantName = "[No Variations]"
Change component parameters (AddParameter): Name = "ComponentLink2Description"; Value = "Datasheet"; VariantName = "[No Variations]"
Change component parameters (AddParameter): Name = "ComponentLink2URL"; Value = ""; VariantName = "[No Variations]"
Change component parameters (AddParameter): Name = "Height"; Value = ""; VariantName = "[No Variations]"
Change component parameters (AddParameter): Name = "Mounting Technology"; Value = "SMT"; VariantName = "[No Variations]"
Change component parameters (AddParameter): Name = "Operating Temperature"; Value = "-55 to +125degC"; VariantName = "[No Variations]"
Change component parameters (AddParameter): Name = "Packaging"; Value = "Tape and Reel"; VariantName = "[No Variations]"
Change component parameters (AddParameter): Name = "Size"; Value = "0603"; VariantName = "[No Variations]"
Change component parameters (AddParameter): Name = "Supply 1 name"; Value = ""; VariantName = "[No Variations]"
Change component parameters (AddParameter): Name = "Supply 1 SN"; Value = ""; VariantName = "[No Variations]"
Change component parameters (AddParameter): Name = "Supply 1 URL"; Value = ""; VariantName = "[No Variations]"
Change component parameters (AddParameter): Name = "Supply 2 name"; Value = "Thegioiic"; VariantName = "[No Variations]"
Change component parameters (AddParameter): Name = "Supply 2 SN"; Value = ""; VariantName = "[No Variations]"
Change component parameters (AddParameter): Name = "Supply 2 URL"; Value = "https://www.thegioiic.com/tu-gom-0603-22pf-50v"; VariantName = "[No Variations]"
Change component parameters (AddParameter): Name = "Technical Reference"; Value = ""; VariantName = "[No Variations]"
Change component parameters: Designator = "C31" ("C31"); Footprint = "CAP_0603"; UniqueID = "\QODNKCXO" ("\QODNKCXO")
Change component parameters (AddParameter): Name = "Capacitance"; Value = "100nF"; VariantName = "[No Variations]"
Change component parameters (AddParameter): Name = "Capacitance Tolerance"; Value = "+/-10%"; VariantName = "[No Variations]"
Change component parameters (AddParameter): Name = "ComponentLink1Description"; Value = "Manufacturer"; VariantName = "[No Variations]"
Change component parameters (AddParameter): Name = "ComponentLink1URL"; Value = "http://www.we-online.de"; VariantName = "[No Variations]"
Change component parameters (AddParameter): Name = "ComponentLink2Description"; Value = "Datasheet"; VariantName = "[No Variations]"
Change component parameters (AddParameter): Name = "ComponentLink2URL"; Value = "https://www.we-online.com/catalog/datasheet/885012206095.pdf"; VariantName = "[No Variations]"
Change component parameters (AddParameter): Name = "Dissipation Factor"; Value = ""; VariantName = "[No Variations]"
Change component parameters (AddParameter): Name = "Height"; Value = ""; VariantName = "[No Variations]"
Change component parameters (AddParameter): Name = "Mounting Technology"; Value = "SMT"; VariantName = "[No Variations]"
Change component parameters (AddParameter): Name = "Operating Temperature"; Value = "-55 to +125degC"; VariantName = "[No Variations]"
Change component parameters (AddParameter): Name = "Packaging"; Value = "Tape and Reel"; VariantName = "[No Variations]"
Change component parameters (AddParameter): Name = "Size"; Value = "0603"; VariantName = "[No Variations]"
Change component parameters (AddParameter): Name = "Supply 1 name"; Value = "Wurth Elektronik"; VariantName = "[No Variations]"
Change component parameters (AddParameter): Name = "Supply 1 SN"; Value = "885012206095"; VariantName = "[No Variations]"
Change component parameters (AddParameter): Name = "Supply 1 URL"; Value = "https://www.we-online.com/en/components/products/WCAP-CSGP-50VDC?sq=885012206095R#885012206095R"; VariantName = "[No Variations]"
Change component parameters (AddParameter): Name = "Supply 2 name"; Value = "Thegioiic"; VariantName = "[No Variations]"
Change component parameters (AddParameter): Name = "Supply 2 SN"; Value = ""; VariantName = "[No Variations]"
Change component parameters (AddParameter): Name = "Supply 2 URL"; Value = "https://www.thegioiic.com/tu-gom-0603-100nf-0-1uf-50v"; VariantName = "[No Variations]"
Change component parameters (AddParameter): Name = "Technical Reference"; Value = ""; VariantName = "[No Variations]"
Change component parameters: Designator = "C35" ("C35"); Footprint = "CAP_0603"; UniqueID = "\QNFBULDZ" ("\QNFBULDZ")
Change component parameters (AddParameter): Name = ""; Value = ""; VariantName = "[No Variations]"
Change component parameters (AddParameter): Name = "Capacitance"; Value = "22pF"; VariantName = "[No Variations]"
Change component parameters (AddParameter): Name = "Capacitance Tolerance"; Value = "+/-10%"; VariantName = "[No Variations]"
Change component parameters (AddParameter): Name = "ComponentLink1Description"; Value = "Manufacturer"; VariantName = "[No Variations]"
Change component parameters (AddParameter): Name = "ComponentLink1URL"; Value = "Thegioiic"; VariantName = "[No Variations]"
Change component parameters (AddParameter): Name = "ComponentLink2Description"; Value = "Datasheet"; VariantName = "[No Variations]"
Change component parameters (AddParameter): Name = "ComponentLink2URL"; Value = ""; VariantName = "[No Variations]"
Change component parameters (AddParameter): Name = "Height"; Value = ""; VariantName = "[No Variations]"
Change component parameters (AddParameter): Name = "Mounting Technology"; Value = "SMT"; VariantName = "[No Variations]"
Change component parameters (AddParameter): Name = "Operating Temperature"; Value = "-55 to +125degC"; VariantName = "[No Variations]"
Change component parameters (AddParameter): Name = "Packaging"; Value = "Tape and Reel"; VariantName = "[No Variations]"
Change component parameters (AddParameter): Name = "Size"; Value = "0603"; VariantName = "[No Variations]"
Change component parameters (AddParameter): Name = "Supply 1 name"; Value = ""; VariantName = "[No Variations]"
Change component parameters (AddParameter): Name = "Supply 1 SN"; Value = ""; VariantName = "[No Variations]"
Change component parameters (AddParameter): Name = "Supply 1 URL"; Value = ""; VariantName = "[No Variations]"
Change component parameters (AddParameter): Name = "Supply 2 name"; Value = "Thegioiic"; VariantName = "[No Variations]"
Change component parameters (AddParameter): Name = "Supply 2 SN"; Value = ""; VariantName = "[No Variations]"
Change component parameters (AddParameter): Name = "Supply 2 URL"; Value = "https://www.thegioiic.com/tu-gom-0603-22pf-50v"; VariantName = "[No Variations]"
Change component parameters (AddParameter): Name = "Technical Reference"; Value = ""; VariantName = "[No Variations]"
Change component parameters: Designator = "C36" ("C36"); Footprint = "CAP_0603"; UniqueID = "\KRBPDZAS" ("\KRBPDZAS")
Change component parameters (AddParameter): Name = ""; Value = ""; VariantName = "[No Variations]"
Change component parameters (AddParameter): Name = "Capacitance"; Value = "22pF"; VariantName = "[No Variations]"
Change component parameters (AddParameter): Name = "Capacitance Tolerance"; Value = "+/-10%"; VariantName = "[No Variations]"
Change component parameters (AddParameter): Name = "ComponentLink1Description"; Value = "Manufacturer"; VariantName = "[No Variations]"
Change component parameters (AddParameter): Name = "ComponentLink1URL"; Value = "Thegioiic"; VariantName = "[No Variations]"
Change component parameters (AddParameter): Name = "ComponentLink2Description"; Value = "Datasheet"; VariantName = "[No Variations]"
Change component parameters (AddParameter): Name = "ComponentLink2URL"; Value = ""; VariantName = "[No Variations]"
Change component parameters (AddParameter): Name = "Height"; Value = ""; VariantName = "[No Variations]"
Change component parameters (AddParameter): Name = "Mounting Technology"; Value = "SMT"; VariantName = "[No Variations]"
Change component parameters (AddParameter): Name = "Operating Temperature"; Value = "-55 to +125degC"; VariantName = "[No Variations]"
Change component parameters (AddParameter): Name = "Packaging"; Value = "Tape and Reel"; VariantName = "[No Variations]"
Change component parameters (AddParameter): Name = "Size"; Value = "0603"; VariantName = "[No Variations]"
Change component parameters (AddParameter): Name = "Supply 1 name"; Value = ""; VariantName = "[No Variations]"
Change component parameters (AddParameter): Name = "Supply 1 SN"; Value = ""; VariantName = "[No Variations]"
Change component parameters (AddParameter): Name = "Supply 1 URL"; Value = ""; VariantName = "[No Variations]"
Change component parameters (AddParameter): Name = "Supply 2 name"; Value = "Thegioiic"; VariantName = "[No Variations]"
Change component parameters (AddParameter): Name = "Supply 2 SN"; Value = ""; VariantName = "[No Variations]"
Change component parameters (AddParameter): Name = "Supply 2 URL"; Value = "https://www.thegioiic.com/tu-gom-0603-22pf-50v"; VariantName = "[No Variations]"
Change component parameters (AddParameter): Name = "Technical Reference"; Value = ""; VariantName = "[No Variations]"
Add Pin To Net: Unknown Pin: Pin C31-1
